v3/build/intermediates/manifest_merge_blame_file/release/processReleaseManifest/manifest-merger-blame-release-report.txt
1<?xml version="1.0" encoding="utf-8"?>
2<manifest xmlns:android="http://schemas.android.com/apk/res/android"
3    package="com.zebpay.ui.v3" >
4
5    <uses-sdk android:minSdkVersion="24" />
6    <!-- Required by WebViewContainer for location and media access features -->
7    <uses-permission android:name="android.permission.ACCESS_FINE_LOCATION" />
7-->src/main/AndroidManifest.xml:4:5-79
7-->src/main/AndroidManifest.xml:4:22-76
8    <uses-permission android:name="android.permission.ACCESS_COARSE_LOCATION" />
8-->src/main/AndroidManifest.xml:5:5-81
8-->src/main/AndroidManifest.xml:5:22-78
9    <uses-permission android:name="android.permission.RECORD_AUDIO" />
9-->src/main/AndroidManifest.xml:6:5-71
9-->src/main/AndroidManifest.xml:6:22-68
10
11</manifest>